0 info it worked if it ends with ok
1 verbose cli [ 'C:\\Program Files\\nodejs\\node.exe',
1 verbose cli   'C:\\Program Files\\nodejs\\node_modules\\npm\\bin\\npm-cli.js',
1 verbose cli   'start' ]
2 info using npm@3.10.10
3 info using node@v6.11.2
4 verbose config Skipping project config: C:\Users\TariqR/.npmrc. (matches userconfig)
5 verbose run-script [ 'prestart', 'start', 'poststart' ]
6 info lifecycle boilerplate-styleguide@4.0.0~prestart: boilerplate-styleguide@4.0.0
7 silly lifecycle boilerplate-styleguide@4.0.0~prestart: no script for prestart, continuing
8 info lifecycle boilerplate-styleguide@4.0.0~start: boilerplate-styleguide@4.0.0
9 verbose lifecycle boilerplate-styleguide@4.0.0~start: unsafe-perm in lifecycle true
10 verbose lifecycle boilerplate-styleguide@4.0.0~start: PATH: C:\Users\TariqR\AppData\Roaming\nvm\v6.11.2\node_modules\npm\bin\node-gyp-bin;C:\Users\TariqR\node_modules\.bin;C:\Program Files (x86)\Razer\ChromaBroadcast\bin;C:\Program Files\Razer\ChromaBroadcast\bin;C:\Program Files (x86)\Common Files\Oracle\Java\javapath;C:\WINDOWS\system32;C:\WINDOWS;C:\WINDOWS\System32\Wbem;C:\WINDOWS\System32\WindowsPowerShell\v1.0\;C:\WINDOWS\System32\OpenSSH\;C:\Program Files\Microsoft SQL Server\130\Tools\Binn\;C:\Program Files\dotnet\;C:\Program Files\Git\cmd;C:\Users\TariqR\AppData\Roaming\nvm;C:\Program Files\nodejs;C:\Users\TariqR\AppData\Local\Microsoft\WindowsApps;C:\Users\TariqR\AppData\Roaming\nvm;C:\Program Files\nodejs;C:\Users\TariqR\AppData\Local\Programs\Microsoft VS Code\bin;\the\directory\to\add;C:\Program Files\Microsoft SQL Server\Client SDK\ODBC\170\Tools\Binn\;C:\Program Files\Microsoft\Web Platform Installer\;C:\Program Files\TortoiseGit\bin;C:\Users\TariqR\AppData\Local\Microsoft\WindowsApps;C:\Users\TariqR\AppData\Roaming\nvm;C:\Program Files\nodejs;C:\Users\TariqR\AppData\Local\Programs\Microsoft VS Code\bin;
11 verbose lifecycle boilerplate-styleguide@4.0.0~start: CWD: C:\Users\TariqR
12 silly lifecycle boilerplate-styleguide@4.0.0~start: Args: [ '/d /s /c', 'grunt serve' ]
13 silly lifecycle boilerplate-styleguide@4.0.0~start: Returned: code: 2  signal: null
14 info lifecycle boilerplate-styleguide@4.0.0~start: Failed to exec start script
15 verbose stack Error: boilerplate-styleguide@4.0.0 start: `grunt serve`
15 verbose stack Exit status 2
15 verbose stack     at EventEmitter.<anonymous> (C:\Users\TariqR\AppData\Roaming\nvm\v6.11.2\node_modules\npm\lib\utils\lifecycle.js:255:16)
15 verbose stack     at emitTwo (events.js:106:13)
15 verbose stack     at EventEmitter.emit (events.js:191:7)
15 verbose stack     at ChildProcess.<anonymous> (C:\Users\TariqR\AppData\Roaming\nvm\v6.11.2\node_modules\npm\lib\utils\spawn.js:40:14)
15 verbose stack     at emitTwo (events.js:106:13)
15 verbose stack     at ChildProcess.emit (events.js:191:7)
15 verbose stack     at maybeClose (internal/child_process.js:891:16)
15 verbose stack     at Process.ChildProcess._handle.onexit (internal/child_process.js:226:5)
16 verbose pkgid boilerplate-styleguide@4.0.0
17 verbose cwd C:\Users\TariqR\Desktop\bevan\landing2
18 error Windows_NT 10.0.17763
19 error argv "C:\\Program Files\\nodejs\\node.exe" "C:\\Program Files\\nodejs\\node_modules\\npm\\bin\\npm-cli.js" "start"
20 error node v6.11.2
21 error npm  v3.10.10
22 error code ELIFECYCLE
23 error boilerplate-styleguide@4.0.0 start: `grunt serve`
23 error Exit status 2
24 error Failed at the boilerplate-styleguide@4.0.0 start script 'grunt serve'.
24 error Make sure you have the latest version of node.js and npm installed.
24 error If you do, this is most likely a problem with the boilerplate-styleguide package,
24 error not with npm itself.
24 error Tell the author that this fails on your system:
24 error     grunt serve
24 error You can get information on how to open an issue for this project with:
24 error     npm bugs boilerplate-styleguide
24 error Or if that isn't available, you can get their info via:
24 error     npm owner ls boilerplate-styleguide
24 error There is likely additional logging output above.
25 verbose exit [ 1, true ]
